This is pdfTeX, Version 3.1415926-2.3-1.40.12 (MiKTeX 2.9) (preloaded format=pdflatex 2012.1.19)  6 APR 2012 21:51
entering extended mode
**D:/360data/document/My*Documents/project/comp_354/doc/Increment*3/Inc3-G1.tex

("D:/360data/document/My Documents/project/comp_354/doc/Increment 3/Inc3-G1.tex
"
LaTeX2e <2009/09/24>
Babel <v3.8l> and hyphenation patterns for english, afrikaans, ancientgreek, ar
abic, armenian, assamese, basque, bengali, bokmal, bulgarian, catalan, coptic, 
croatian, czech, danish, dutch, esperanto, estonian, farsi, finnish, french, ga
lician, german, german-x-2009-06-19, greek, gujarati, hindi, hungarian, iceland
ic, indonesian, interlingua, irish, italian, kannada, kurmanji, lao, latin, lat
vian, lithuanian, malayalam, marathi, mongolian, mongolianlmc, monogreek, ngerm
an, ngerman-x-2009-06-19, nynorsk, oriya, panjabi, pinyin, polish, portuguese, 
romanian, russian, sanskrit, serbian, slovak, slovenian, spanish, swedish, swis
sgerman, tamil, telugu, turkish, turkmen, ukenglish, ukrainian, uppersorbian, u
senglishmax, welsh, loaded.
("C:\Program Files (x86)\MiKTeX 2.9\tex\latex\base\article.cls"
Document Class: article 2007/10/19 v1.4h Standard LaTeX document class
("C:\Program Files (x86)\MiKTeX 2.9\tex\latex\base\size12.clo"
File: size12.clo 2007/10/19 v1.4h Standard LaTeX file (size option)
)
\c@part=\count79
\c@section=\count80
\c@subsection=\count81
\c@subsubsection=\count82
\c@paragraph=\count83
\c@subparagraph=\count84
\c@figure=\count85
\c@table=\count86
\abovecaptionskip=\skip41
\belowcaptionskip=\skip42
\bibindent=\dimen102
)
("C:\Program Files (x86)\MiKTeX 2.9\tex\latex\graphics\graphicx.sty"
Package: graphicx 1999/02/16 v1.0f Enhanced LaTeX Graphics (DPC,SPQR)

("C:\Program Files (x86)\MiKTeX 2.9\tex\latex\graphics\keyval.sty"
Package: keyval 1999/03/16 v1.13 key=value parser (DPC)
\KV@toks@=\toks14
)
("C:\Program Files (x86)\MiKTeX 2.9\tex\latex\graphics\graphics.sty"
Package: graphics 2009/02/05 v1.0o Standard LaTeX Graphics (DPC,SPQR)

("C:\Program Files (x86)\MiKTeX 2.9\tex\latex\graphics\trig.sty"
Package: trig 1999/03/16 v1.09 sin cos tan (DPC)
)
("C:\Program Files (x86)\MiKTeX 2.9\tex\latex\00miktex\graphics.cfg"
File: graphics.cfg 2007/01/18 v1.5 graphics configuration of teTeX/TeXLive
)
Package graphics Info: Driver file: pdftex.def on input line 91.

("C:\Program Files (x86)\MiKTeX 2.9\tex\latex\pdftex-def\pdftex.def"
File: pdftex.def 2011/05/27 v0.06d Graphics/color for pdfTeX

("C:\Program Files (x86)\MiKTeX 2.9\tex\generic\oberdiek\infwarerr.sty"
Package: infwarerr 2010/04/08 v1.3 Providing info/warning/message (HO)
)
("C:\Program Files (x86)\MiKTeX 2.9\tex\generic\oberdiek\ltxcmds.sty"
Package: ltxcmds 2011/04/18 v1.20 LaTeX kernel commands for general use (HO)
)
\Gread@gobject=\count87
))
\Gin@req@height=\dimen103
\Gin@req@width=\dimen104
)
("D:\360data\document\My Documents\project\comp_354\doc\Increment 3\Inc3-G1.aux
")
LaTeX Font Info:    Checking defaults for OML/cmm/m/it on input line 25.
LaTeX Font Info:    ... okay on input line 25.
LaTeX Font Info:    Checking defaults for T1/cmr/m/n on input line 25.
LaTeX Font Info:    ... okay on input line 25.
LaTeX Font Info:    Checking defaults for OT1/cmr/m/n on input line 25.
LaTeX Font Info:    ... okay on input line 25.
LaTeX Font Info:    Checking defaults for OMS/cmsy/m/n on input line 25.
LaTeX Font Info:    ... okay on input line 25.
LaTeX Font Info:    Checking defaults for OMX/cmex/m/n on input line 25.
LaTeX Font Info:    ... okay on input line 25.
LaTeX Font Info:    Checking defaults for U/cmr/m/n on input line 25.
LaTeX Font Info:    ... okay on input line 25.
 ("C:\Program Files (x86)\MiKTeX 2.9\tex\context\base\supp-pdf.mkii"
[Loading MPS to PDF converter (version 2006.09.02).]
\scratchcounter=\count88
\scratchdimen=\dimen105
\scratchbox=\box26
\nofMPsegments=\count89
\nofMParguments=\count90
\everyMPshowfont=\toks15
\MPscratchCnt=\count91
\MPscratchDim=\dimen106
\MPnumerator=\count92
\everyMPtoPDFconversion=\toks16
)
LaTeX Font Info:    External font `cmex10' loaded for size
(Font)              <12> on input line 40.
LaTeX Font Info:    External font `cmex10' loaded for size
(Font)              <8> on input line 40.
LaTeX Font Info:    External font `cmex10' loaded for size
(Font)              <6> on input line 40.
 [1

{C:/ProgramData/MiKTeX/2.9/pdftex/config/pdftex.map}]
Underfull \hbox (badness 10000) in paragraph at lines 62--63

 []


Underfull \hbox (badness 10000) in paragraph at lines 64--65

 []


Underfull \hbox (badness 10000) in paragraph at lines 66--68

 []


Underfull \hbox (badness 10000) in paragraph at lines 74--76

 []

Missing character: There is no ï in font cmbx12!
Missing character: There is no ¿ in font cmbx12!
Missing character: There is no ½ in font cmbx12!
Missing character: There is no ï in font cmr12!
Missing character: There is no ¿ in font cmr12!
Missing character: There is no ½ in font cmr12!
Missing character: There is no ï in font cmr12!
Missing character: There is no ¿ in font cmr12!
Missing character: There is no ½ in font cmr12!

Overfull \hbox (6.8053pt too wide) in paragraph at lines 83--105
\OT1/cmr/m/n/12 and soft-ware con-fig-u-ra-tion, in-clud-ing, but not lim-ited 
to Win-dows (XP/Vista/7,
 []

[2

]
Missing character: There is no ï in font cmbx12!
Missing character: There is no ¿ in font cmbx12!
Missing character: There is no ½ in font cmbx12!
Missing character: There is no ï in font cmr12!
Missing character: There is no ¿ in font cmr12!
Missing character: There is no ½ in font cmr12!
 [3]
Underfull \hbox (badness 10000) in paragraph at lines 193--217

 []

[4] [5] <TestDiagram.jpg, id=19, 839.38594pt x 331.99031pt>
File: TestDiagram.jpg Graphic file (type jpg)

<use TestDiagram.jpg>
Package pdftex.def Info: TestDiagram.jpg used on input line 334.
(pdftex.def)             Requested size: 503.63545pt x 199.19571pt.

Overfull \hbox (48.39137pt too wide) in paragraph at lines 334--334
 [] 
 []

Missing character: There is no ï in font cmbx12!
Missing character: There is no ¿ in font cmbx12!
Missing character: There is no ½ in font cmbx12!
[6 <D:/360data/document/My Documents/project/comp_354/doc/Increment 3/TestDiagr
am.jpg>]
Missing character: There is no ï in font cmbx12!
Missing character: There is no ¿ in font cmbx12!
Missing character: There is no ½ in font cmbx12!
Missing character: There is no ï in font cmbx12!
Missing character: There is no ¿ in font cmbx12!
Missing character: There is no ½ in font cmbx12!
 [7] <inc3_bottomup.png, id=27, 1441.14882pt x 786.46765pt>
File: inc3_bottomup.png Graphic file (type png)

<use inc3_bottomup.png>
Package pdftex.def Info: inc3_bottomup.png used on input line 430.
(pdftex.def)             Requested size: 432.34798pt x 235.94211pt.
 [8 <D:/360data/document/My Documents/project/comp_354/doc/Increment 3/inc3_bot
tomup.png>]
Missing character: There is no ï in font cmr12!
Missing character: There is no ¿ in font cmr12!
Missing character: There is no ½ in font cmr12!
Missing character: There is no ï in font cmr12!
Missing character: There is no ¿ in font cmr12!
Missing character: There is no ½ in font cmr12!
Missing character: There is no ï in font cmr12!
Missing character: There is no ¿ in font cmr12!
Missing character: There is no ½ in font cmr12!
Missing character: There is no ï in font cmr12!
Missing character: There is no ¿ in font cmr12!
Missing character: There is no ½ in font cmr12!

<Schedule.jpg, id=31, 456.20438pt x 292.84406pt>
File: Schedule.jpg Graphic file (type jpg)
 <use Schedule.jpg>
Package pdftex.def Info: Schedule.jpg used on input line 470.
(pdftex.def)             Requested size: 456.20325pt x 292.84334pt.

Overfull \hbox (0.95917pt too wide) in paragraph at lines 470--470
 [] 
 []

<Resources.jpg, id=32, 496.85625pt x 294.34969pt>
File: Resources.jpg Graphic file (type jpg)
 <use Resources.jpg>
Package pdftex.def Info: Resources.jpg used on input line 480.
(pdftex.def)             Requested size: 496.85503pt x 294.34895pt.

Overfull \hbox (41.61095pt too wide) in paragraph at lines 480--480
 [] 
 []

[9] [10 <D:/360data/document/My Documents/project/comp_354/doc/Increment 3/Sche
dule.jpg>] [11 <D:/360data/document/My Documents/project/comp_354/doc/Increment
 3/Resources.jpg>]
Missing character: There is no ï in font cmr12!
Missing character: There is no ¿ in font cmr12!
Missing character: There is no ½ in font cmr12!
 [12] [13]
LaTeX Font Info:    Try loading font information for OMS+cmr on input line 688.


("C:\Program Files (x86)\MiKTeX 2.9\tex\latex\base\omscmr.fd"
File: omscmr.fd 1999/05/25 v2.5h Standard LaTeX font definitions
)
LaTeX Font Info:    Font shape `OMS/cmr/m/n' in size <12> not available
(Font)              Font shape `OMS/cmsy/m/n' tried instead on input line 688.

Underfull \hbox (badness 10000) in paragraph at lines 619--776

 []


Underfull \hbox (badness 10000) in paragraph at lines 619--776

 []


Underfull \hbox (badness 10000) in paragraph at lines 619--776

 []


Underfull \hbox (badness 10000) in paragraph at lines 619--776

 []


Underfull \hbox (badness 10000) in paragraph at lines 619--776

 []


Underfull \hbox (badness 10000) in paragraph at lines 619--776

 []

[14] [15] [16] [17]
Overfull \hbox (11.7622pt too wide) in paragraph at lines 783--786
[]\OT1/cmr/m/n/12 Name | To-tal Hours | Project List --------------------------
------------------------------------ LName
 []

[18]
Missing character: There is no ï in font cmbx12!
Missing character: There is no ¿ in font cmbx12!
Missing character: There is no ½ in font cmbx12!
 [19] [20]
("D:\360data\document\My Documents\project\comp_354\doc\Increment 3\Inc3-G1.aux
") ) 
Here is how much of TeX's memory you used:
 1171 strings out of 494049
 15840 string characters out of 3146044
 85783 words of memory out of 3000000
 4495 multiletter control sequences out of 15000+200000
 7894 words of font info for 28 fonts, out of 3000000 for 9000
 715 hyphenation exceptions out of 8191
 27i,7n,21p,763b,251s stack positions out of 5000i,500n,10000p,200000b,50000s
<C:/Program Files (x86)/MiKTeX 2.9/fonts/type1/public/amsfonts/cm/cmbx12.pf
b><C:/Program Files (x86)/MiKTeX 2.9/fonts/type1/public/amsfonts/cm/cmmi12.pfb>
<C:/Program Files (x86)/MiKTeX 2.9/fonts/type1/public/amsfonts/cm/cmr12.pfb><C:
/Program Files (x86)/MiKTeX 2.9/fonts/type1/public/amsfonts/cm/cmsy10.pfb>
Output written on Inc3-G1.pdf (20 pages, 360165 bytes).
PDF statistics:
 87 PDF objects out of 1000 (max. 8388607)
 0 named destinations out of 1000 (max. 500000)
 21 words of extra memory for PDF output out of 10000 (max. 10000000)

